2010-04-04 09:32:43 Debug: Notice (8): Undefined offset:  0 in [C:\AppServ\www\cakephp\cake\libs\configure.php, line 1176]
2010-04-04 09:33:03 Debug: Notice (8): Undefined index:  post_date_gmt in [C:\AppServ\www\cakephp\cake\libs\view\scaffolds\index.ctp, line 60]
2010-04-04 09:33:03 Debug: Notice (8): Undefined index:  post_content in [C:\AppServ\www\cakephp\cake\libs\view\scaffolds\index.ctp, line 60]
2010-04-04 09:33:03 Debug: Notice (8): Undefined index:  post_excerpt in [C:\AppServ\www\cakephp\cake\libs\view\scaffolds\index.ctp, line 60]
2010-04-04 09:33:04 Debug: Notice (8): Undefined index:  post_status in [C:\AppServ\www\cakephp\cake\libs\view\scaffolds\index.ctp, line 60]
2010-04-04 09:33:04 Debug: Notice (8): Undefined index:  comment_status in [C:\AppServ\www\cakephp\cake\libs\view\scaffolds\index.ctp, line 60]
2010-04-04 09:33:04 Debug: Notice (8): Undefined index:  ping_status in [C:\AppServ\www\cakephp\cake\libs\view\scaffolds\index.ctp, line 60]
2010-04-04 09:33:04 Debug: Notice (8): Undefined index:  post_password in [C:\AppServ\www\cakephp\cake\libs\view\scaffolds\index.ctp, line 60]
2010-04-04 09:33:04 Debug: Notice (8): Undefined index:  post_name in [C:\AppServ\www\cakephp\cake\libs\view\scaffolds\index.ctp, line 60]
2010-04-04 09:33:04 Debug: Notice (8): Undefined index:  to_ping in [C:\AppServ\www\cakephp\cake\libs\view\scaffolds\index.ctp, line 60]
2010-04-04 09:33:04 Debug: Notice (8): Undefined index:  pinged in [C:\AppServ\www\cakephp\cake\libs\view\scaffolds\index.ctp, line 60]
2010-04-04 09:33:04 Debug: Notice (8): Undefined index:  post_modified in [C:\AppServ\www\cakephp\cake\libs\view\scaffolds\index.ctp, line 60]
2010-04-04 09:33:04 Debug: Notice (8): Undefined index:  post_modified_gmt in [C:\AppServ\www\cakephp\cake\libs\view\scaffolds\index.ctp, line 60]
2010-04-04 09:33:04 Debug: Notice (8): Undefined index:  post_content_filtered in [C:\AppServ\www\cakephp\cake\libs\view\scaffolds\index.ctp, line 60]
2010-04-04 09:33:04 Debug: Notice (8): Undefined index:  PostParent in [C:\AppServ\www\cakephp\cake\libs\view\scaffolds\index.ctp, line 54]
2010-04-04 09:33:04 Debug: Notice (8): Undefined index:  guid in [C:\AppServ\www\cakephp\cake\libs\view\scaffolds\index.ctp, line 60]
2010-04-04 09:33:04 Debug: Notice (8): Undefined index:  menu_order in [C:\AppServ\www\cakephp\cake\libs\view\scaffolds\index.ctp, line 60]
2010-04-04 09:33:04 Debug: Notice (8): Undefined index:  post_type in [C:\AppServ\www\cakephp\cake\libs\view\scaffolds\index.ctp, line 60]
2010-04-04 09:33:04 Debug: Notice (8): Undefined index:  post_mime_type in [C:\AppServ\www\cakephp\cake\libs\view\scaffolds\index.ctp, line 60]
2010-04-04 09:33:04 Debug: Notice (8): Undefined index:  comment_count in [C:\AppServ\www\cakephp\cake\libs\view\scaffolds\index.ctp, line 60]
2010-04-04 09:34:13 Debug: Notice (8): Undefined index:  post_date_gmt in [C:\AppServ\www\cakephp\cake\libs\view\scaffolds\index.ctp, line 60]
2010-04-04 09:34:13 Debug: Notice (8): Undefined index:  post_content in [C:\AppServ\www\cakephp\cake\libs\view\scaffolds\index.ctp, line 60]
2010-04-04 09:34:13 Debug: Notice (8): Undefined index:  post_excerpt in [C:\AppServ\www\cakephp\cake\libs\view\scaffolds\index.ctp, line 60]
2010-04-04 09:34:13 Debug: Notice (8): Undefined index:  post_status in [C:\AppServ\www\cakephp\cake\libs\view\scaffolds\index.ctp, line 60]
2010-04-04 09:34:13 Debug: Notice (8): Undefined index:  comment_status in [C:\AppServ\www\cakephp\cake\libs\view\scaffolds\index.ctp, line 60]
2010-04-04 09:34:13 Debug: Notice (8): Undefined index:  ping_status in [C:\AppServ\www\cakephp\cake\libs\view\scaffolds\index.ctp, line 60]
2010-04-04 09:34:13 Debug: Notice (8): Undefined index:  post_password in [C:\AppServ\www\cakephp\cake\libs\view\scaffolds\index.ctp, line 60]
2010-04-04 09:34:13 Debug: Notice (8): Undefined index:  post_name in [C:\AppServ\www\cakephp\cake\libs\view\scaffolds\index.ctp, line 60]
2010-04-04 09:34:13 Debug: Notice (8): Undefined index:  to_ping in [C:\AppServ\www\cakephp\cake\libs\view\scaffolds\index.ctp, line 60]
2010-04-04 09:34:13 Debug: Notice (8): Undefined index:  pinged in [C:\AppServ\www\cakephp\cake\libs\view\scaffolds\index.ctp, line 60]
2010-04-04 09:34:13 Debug: Notice (8): Undefined index:  post_modified in [C:\AppServ\www\cakephp\cake\libs\view\scaffolds\index.ctp, line 60]
2010-04-04 09:34:13 Debug: Notice (8): Undefined index:  post_modified_gmt in [C:\AppServ\www\cakephp\cake\libs\view\scaffolds\index.ctp, line 60]
2010-04-04 09:34:13 Debug: Notice (8): Undefined index:  post_content_filtered in [C:\AppServ\www\cakephp\cake\libs\view\scaffolds\index.ctp, line 60]
2010-04-04 09:34:13 Debug: Notice (8): Undefined index:  PostParent in [C:\AppServ\www\cakephp\cake\libs\view\scaffolds\index.ctp, line 54]
2010-04-04 09:34:13 Debug: Notice (8): Undefined index:  guid in [C:\AppServ\www\cakephp\cake\libs\view\scaffolds\index.ctp, line 60]
2010-04-04 09:34:13 Debug: Notice (8): Undefined index:  menu_order in [C:\AppServ\www\cakephp\cake\libs\view\scaffolds\index.ctp, line 60]
2010-04-04 09:34:13 Debug: Notice (8): Undefined index:  post_type in [C:\AppServ\www\cakephp\cake\libs\view\scaffolds\index.ctp, line 60]
2010-04-04 09:34:13 Debug: Notice (8): Undefined index:  post_mime_type in [C:\AppServ\www\cakephp\cake\libs\view\scaffolds\index.ctp, line 60]
2010-04-04 09:34:13 Debug: Notice (8): Undefined index:  comment_count in [C:\AppServ\www\cakephp\cake\libs\view\scaffolds\index.ctp, line 60]
2010-04-04 09:36:37 Debug: Notice (8): Undefined index:  post_date_gmt in [C:\AppServ\www\cakephp\cake\libs\view\scaffolds\index.ctp, line 60]
2010-04-04 09:36:37 Debug: Notice (8): Undefined index:  post_content in [C:\AppServ\www\cakephp\cake\libs\view\scaffolds\index.ctp, line 60]
2010-04-04 09:36:37 Debug: Notice (8): Undefined index:  post_excerpt in [C:\AppServ\www\cakephp\cake\libs\view\scaffolds\index.ctp, line 60]
2010-04-04 09:36:37 Debug: Notice (8): Undefined index:  post_status in [C:\AppServ\www\cakephp\cake\libs\view\scaffolds\index.ctp, line 60]
2010-04-04 09:36:38 Debug: Notice (8): Undefined index:  comment_status in [C:\AppServ\www\cakephp\cake\libs\view\scaffolds\index.ctp, line 60]
2010-04-04 09:36:38 Debug: Notice (8): Undefined index:  ping_status in [C:\AppServ\www\cakephp\cake\libs\view\scaffolds\index.ctp, line 60]
2010-04-04 09:36:38 Debug: Notice (8): Undefined index:  post_password in [C:\AppServ\www\cakephp\cake\libs\view\scaffolds\index.ctp, line 60]
2010-04-04 09:36:38 Debug: Notice (8): Undefined index:  post_name in [C:\AppServ\www\cakephp\cake\libs\view\scaffolds\index.ctp, line 60]
2010-04-04 09:36:38 Debug: Notice (8): Undefined index:  to_ping in [C:\AppServ\www\cakephp\cake\libs\view\scaffolds\index.ctp, line 60]
2010-04-04 09:36:38 Debug: Notice (8): Undefined index:  pinged in [C:\AppServ\www\cakephp\cake\libs\view\scaffolds\index.ctp, line 60]
2010-04-04 09:36:38 Debug: Notice (8): Undefined index:  post_modified in [C:\AppServ\www\cakephp\cake\libs\view\scaffolds\index.ctp, line 60]
2010-04-04 09:36:38 Debug: Notice (8): Undefined index:  post_modified_gmt in [C:\AppServ\www\cakephp\cake\libs\view\scaffolds\index.ctp, line 60]
2010-04-04 09:36:38 Debug: Notice (8): Undefined index:  post_content_filtered in [C:\AppServ\www\cakephp\cake\libs\view\scaffolds\index.ctp, line 60]
2010-04-04 09:36:38 Debug: Notice (8): Undefined index:  PostParent in [C:\AppServ\www\cakephp\cake\libs\view\scaffolds\index.ctp, line 54]
2010-04-04 09:36:38 Debug: Notice (8): Undefined index:  guid in [C:\AppServ\www\cakephp\cake\libs\view\scaffolds\index.ctp, line 60]
2010-04-04 09:36:38 Debug: Notice (8): Undefined index:  menu_order in [C:\AppServ\www\cakephp\cake\libs\view\scaffolds\index.ctp, line 60]
2010-04-04 09:36:38 Debug: Notice (8): Undefined index:  post_type in [C:\AppServ\www\cakephp\cake\libs\view\scaffolds\index.ctp, line 60]
2010-04-04 09:36:38 Debug: Notice (8): Undefined index:  post_mime_type in [C:\AppServ\www\cakephp\cake\libs\view\scaffolds\index.ctp, line 60]
2010-04-04 09:36:38 Debug: Notice (8): Undefined index:  comment_count in [C:\AppServ\www\cakephp\cake\libs\view\scaffolds\index.ctp, line 60]
2010-04-04 09:37:16 Debug: Notice (8): Undefined index:  post_date_gmt in [C:\AppServ\www\cakephp\cake\libs\view\scaffolds\index.ctp, line 60]
2010-04-04 09:37:16 Debug: Notice (8): Undefined index:  post_content in [C:\AppServ\www\cakephp\cake\libs\view\scaffolds\index.ctp, line 60]
2010-04-04 09:37:16 Debug: Notice (8): Undefined index:  post_excerpt in [C:\AppServ\www\cakephp\cake\libs\view\scaffolds\index.ctp, line 60]
2010-04-04 09:37:16 Debug: Notice (8): Undefined index:  post_status in [C:\AppServ\www\cakephp\cake\libs\view\scaffolds\index.ctp, line 60]
2010-04-04 09:37:16 Debug: Notice (8): Undefined index:  comment_status in [C:\AppServ\www\cakephp\cake\libs\view\scaffolds\index.ctp, line 60]
2010-04-04 09:37:16 Debug: Notice (8): Undefined index:  ping_status in [C:\AppServ\www\cakephp\cake\libs\view\scaffolds\index.ctp, line 60]
2010-04-04 09:37:16 Debug: Notice (8): Undefined index:  post_date_gmt in [C:\AppServ\www\cakephp\cake\libs\view\scaffolds\index.ctp, line 60]
2010-04-04 09:37:16 Debug: Notice (8): Undefined index:  post_password in [C:\AppServ\www\cakephp\cake\libs\view\scaffolds\index.ctp, line 60]
2010-04-04 09:37:16 Debug: Notice (8): Undefined index:  post_content in [C:\AppServ\www\cakephp\cake\libs\view\scaffolds\index.ctp, line 60]
2010-04-04 09:37:17 Debug: Notice (8): Undefined index:  post_name in [C:\AppServ\www\cakephp\cake\libs\view\scaffolds\index.ctp, line 60]
2010-04-04 09:37:17 Debug: Notice (8): Undefined index:  post_excerpt in [C:\AppServ\www\cakephp\cake\libs\view\scaffolds\index.ctp, line 60]
2010-04-04 09:37:17 Debug: Notice (8): Undefined index:  to_ping in [C:\AppServ\www\cakephp\cake\libs\view\scaffolds\index.ctp, line 60]
2010-04-04 09:37:17 Debug: Notice (8): Undefined index:  post_status in [C:\AppServ\www\cakephp\cake\libs\view\scaffolds\index.ctp, line 60]
2010-04-04 09:37:17 Debug: Notice (8): Undefined index:  pinged in [C:\AppServ\www\cakephp\cake\libs\view\scaffolds\index.ctp, line 60]
2010-04-04 09:37:17 Debug: Notice (8): Undefined index:  comment_status in [C:\AppServ\www\cakephp\cake\libs\view\scaffolds\index.ctp, line 60]
2010-04-04 09:37:17 Debug: Notice (8): Undefined index:  post_modified in [C:\AppServ\www\cakephp\cake\libs\view\scaffolds\index.ctp, line 60]
2010-04-04 09:37:17 Debug: Notice (8): Undefined index:  ping_status in [C:\AppServ\www\cakephp\cake\libs\view\scaffolds\index.ctp, line 60]
2010-04-04 09:37:17 Debug: Notice (8): Undefined index:  post_modified_gmt in [C:\AppServ\www\cakephp\cake\libs\view\scaffolds\index.ctp, line 60]
2010-04-04 09:37:17 Debug: Notice (8): Undefined index:  post_password in [C:\AppServ\www\cakephp\cake\libs\view\scaffolds\index.ctp, line 60]
2010-04-04 09:37:17 Debug: Notice (8): Undefined index:  post_content_filtered in [C:\AppServ\www\cakephp\cake\libs\view\scaffolds\index.ctp, line 60]
2010-04-04 09:37:17 Debug: Notice (8): Undefined index:  post_name in [C:\AppServ\www\cakephp\cake\libs\view\scaffolds\index.ctp, line 60]
2010-04-04 09:37:17 Debug: Notice (8): Undefined index:  PostParent in [C:\AppServ\www\cakephp\cake\libs\view\scaffolds\index.ctp, line 54]
2010-04-04 09:37:17 Debug: Notice (8): Undefined index:  to_ping in [C:\AppServ\www\cakephp\cake\libs\view\scaffolds\index.ctp, line 60]
2010-04-04 09:37:17 Debug: Notice (8): Undefined index:  guid in [C:\AppServ\www\cakephp\cake\libs\view\scaffolds\index.ctp, line 60]
2010-04-04 09:37:17 Debug: Notice (8): Undefined index:  pinged in [C:\AppServ\www\cakephp\cake\libs\view\scaffolds\index.ctp, line 60]
2010-04-04 09:37:17 Debug: Notice (8): Undefined index:  menu_order in [C:\AppServ\www\cakephp\cake\libs\view\scaffolds\index.ctp, line 60]
2010-04-04 09:37:17 Debug: Notice (8): Undefined index:  post_modified in [C:\AppServ\www\cakephp\cake\libs\view\scaffolds\index.ctp, line 60]
2010-04-04 09:37:17 Debug: Notice (8): Undefined index:  post_type in [C:\AppServ\www\cakephp\cake\libs\view\scaffolds\index.ctp, line 60]
2010-04-04 09:37:17 Debug: Notice (8): Undefined index:  post_modified_gmt in [C:\AppServ\www\cakephp\cake\libs\view\scaffolds\index.ctp, line 60]
2010-04-04 09:37:17 Debug: Notice (8): Undefined index:  post_mime_type in [C:\AppServ\www\cakephp\cake\libs\view\scaffolds\index.ctp, line 60]
2010-04-04 09:37:17 Debug: Notice (8): Undefined index:  post_content_filtered in [C:\AppServ\www\cakephp\cake\libs\view\scaffolds\index.ctp, line 60]
2010-04-04 09:37:17 Debug: Notice (8): Undefined index:  comment_count in [C:\AppServ\www\cakephp\cake\libs\view\scaffolds\index.ctp, line 60]
2010-04-04 09:37:17 Debug: Notice (8): Undefined index:  PostParent in [C:\AppServ\www\cakephp\cake\libs\view\scaffolds\index.ctp, line 54]
2010-04-04 09:37:17 Debug: Notice (8): Undefined index:  guid in [C:\AppServ\www\cakephp\cake\libs\view\scaffolds\index.ctp, line 60]
2010-04-04 09:37:17 Debug: Notice (8): Undefined index:  menu_order in [C:\AppServ\www\cakephp\cake\libs\view\scaffolds\index.ctp, line 60]
2010-04-04 09:37:17 Debug: Notice (8): Undefined index:  post_type in [C:\AppServ\www\cakephp\cake\libs\view\scaffolds\index.ctp, line 60]
2010-04-04 09:37:17 Debug: Notice (8): Undefined index:  post_mime_type in [C:\AppServ\www\cakephp\cake\libs\view\scaffolds\index.ctp, line 60]
2010-04-04 09:37:17 Debug: Notice (8): Undefined index:  comment_count in [C:\AppServ\www\cakephp\cake\libs\view\scaffolds\index.ctp, line 60]
2010-04-04 09:43:19 Debug: Notice (8): Undefined index:  post_date_gmt in [C:\AppServ\www\cakephp\cake\libs\view\scaffolds\index.ctp, line 60]
2010-04-04 09:43:19 Debug: Notice (8): Undefined index:  post_content in [C:\AppServ\www\cakephp\cake\libs\view\scaffolds\index.ctp, line 60]
2010-04-04 09:43:19 Debug: Notice (8): Undefined index:  post_excerpt in [C:\AppServ\www\cakephp\cake\libs\view\scaffolds\index.ctp, line 60]
2010-04-04 09:43:19 Debug: Notice (8): Undefined index:  post_status in [C:\AppServ\www\cakephp\cake\libs\view\scaffolds\index.ctp, line 60]
2010-04-04 09:43:19 Debug: Notice (8): Undefined index:  comment_status in [C:\AppServ\www\cakephp\cake\libs\view\scaffolds\index.ctp, line 60]
2010-04-04 09:43:19 Debug: Notice (8): Undefined index:  ping_status in [C:\AppServ\www\cakephp\cake\libs\view\scaffolds\index.ctp, line 60]
2010-04-04 09:43:19 Debug: Notice (8): Undefined index:  post_password in [C:\AppServ\www\cakephp\cake\libs\view\scaffolds\index.ctp, line 60]
2010-04-04 09:43:19 Debug: Notice (8): Undefined index:  post_name in [C:\AppServ\www\cakephp\cake\libs\view\scaffolds\index.ctp, line 60]
2010-04-04 09:43:19 Debug: Notice (8): Undefined index:  to_ping in [C:\AppServ\www\cakephp\cake\libs\view\scaffolds\index.ctp, line 60]
2010-04-04 09:43:19 Debug: Notice (8): Undefined index:  pinged in [C:\AppServ\www\cakephp\cake\libs\view\scaffolds\index.ctp, line 60]
2010-04-04 09:43:19 Debug: Notice (8): Undefined index:  post_modified in [C:\AppServ\www\cakephp\cake\libs\view\scaffolds\index.ctp, line 60]
2010-04-04 09:43:19 Debug: Notice (8): Undefined index:  post_modified_gmt in [C:\AppServ\www\cakephp\cake\libs\view\scaffolds\index.ctp, line 60]
2010-04-04 09:43:19 Debug: Notice (8): Undefined index:  post_content_filtered in [C:\AppServ\www\cakephp\cake\libs\view\scaffolds\index.ctp, line 60]
2010-04-04 09:43:19 Debug: Notice (8): Undefined index:  PostParent in [C:\AppServ\www\cakephp\cake\libs\view\scaffolds\index.ctp, line 54]
2010-04-04 09:43:19 Debug: Notice (8): Undefined index:  guid in [C:\AppServ\www\cakephp\cake\libs\view\scaffolds\index.ctp, line 60]
2010-04-04 09:43:19 Debug: Notice (8): Undefined index:  menu_order in [C:\AppServ\www\cakephp\cake\libs\view\scaffolds\index.ctp, line 60]
2010-04-04 09:43:19 Debug: Notice (8): Undefined index:  post_type in [C:\AppServ\www\cakephp\cake\libs\view\scaffolds\index.ctp, line 60]
2010-04-04 09:43:19 Debug: Notice (8): Undefined index:  post_mime_type in [C:\AppServ\www\cakephp\cake\libs\view\scaffolds\index.ctp, line 60]
2010-04-04 09:43:19 Debug: Notice (8): Undefined index:  comment_count in [C:\AppServ\www\cakephp\cake\libs\view\scaffolds\index.ctp, line 60]
2010-04-04 09:46:19 Debug: Notice (8): Undefined index:  post_date_gmt in [C:\AppServ\www\cakephp\cake\libs\view\scaffolds\index.ctp, line 60]
2010-04-04 09:46:19 Debug: Notice (8): Undefined index:  post_content in [C:\AppServ\www\cakephp\cake\libs\view\scaffolds\index.ctp, line 60]
2010-04-04 09:46:19 Debug: Notice (8): Undefined index:  post_excerpt in [C:\AppServ\www\cakephp\cake\libs\view\scaffolds\index.ctp, line 60]
2010-04-04 09:46:19 Debug: Notice (8): Undefined index:  post_status in [C:\AppServ\www\cakephp\cake\libs\view\scaffolds\index.ctp, line 60]
2010-04-04 09:46:19 Debug: Notice (8): Undefined index:  comment_status in [C:\AppServ\www\cakephp\cake\libs\view\scaffolds\index.ctp, line 60]
2010-04-04 09:46:19 Debug: Notice (8): Undefined index:  ping_status in [C:\AppServ\www\cakephp\cake\libs\view\scaffolds\index.ctp, line 60]
2010-04-04 09:46:19 Debug: Notice (8): Undefined index:  post_password in [C:\AppServ\www\cakephp\cake\libs\view\scaffolds\index.ctp, line 60]
2010-04-04 09:46:19 Debug: Notice (8): Undefined index:  post_name in [C:\AppServ\www\cakephp\cake\libs\view\scaffolds\index.ctp, line 60]
2010-04-04 09:46:19 Debug: Notice (8): Undefined index:  to_ping in [C:\AppServ\www\cakephp\cake\libs\view\scaffolds\index.ctp, line 60]
2010-04-04 09:46:19 Debug: Notice (8): Undefined index:  pinged in [C:\AppServ\www\cakephp\cake\libs\view\scaffolds\index.ctp, line 60]
2010-04-04 09:46:19 Debug: Notice (8): Undefined index:  post_modified in [C:\AppServ\www\cakephp\cake\libs\view\scaffolds\index.ctp, line 60]
2010-04-04 09:46:19 Debug: Notice (8): Undefined index:  post_modified_gmt in [C:\AppServ\www\cakephp\cake\libs\view\scaffolds\index.ctp, line 60]
2010-04-04 09:46:19 Debug: Notice (8): Undefined index:  post_content_filtered in [C:\AppServ\www\cakephp\cake\libs\view\scaffolds\index.ctp, line 60]
2010-04-04 09:46:19 Debug: Notice (8): Undefined index:  PostParent in [C:\AppServ\www\cakephp\cake\libs\view\scaffolds\index.ctp, line 54]
2010-04-04 09:46:19 Debug: Notice (8): Undefined index:  guid in [C:\AppServ\www\cakephp\cake\libs\view\scaffolds\index.ctp, line 60]
2010-04-04 09:46:20 Debug: Notice (8): Undefined index:  menu_order in [C:\AppServ\www\cakephp\cake\libs\view\scaffolds\index.ctp, line 60]
2010-04-04 09:46:20 Debug: Notice (8): Undefined index:  post_type in [C:\AppServ\www\cakephp\cake\libs\view\scaffolds\index.ctp, line 60]
2010-04-04 09:46:20 Debug: Notice (8): Undefined index:  post_mime_type in [C:\AppServ\www\cakephp\cake\libs\view\scaffolds\index.ctp, line 60]
2010-04-04 09:46:20 Debug: Notice (8): Undefined index:  comment_count in [C:\AppServ\www\cakephp\cake\libs\view\scaffolds\index.ctp, line 60]
2010-04-04 09:46:56 Debug: Notice (8): Undefined index:  post_date_gmt in [C:\AppServ\www\cakephp\cake\libs\view\scaffolds\index.ctp, line 60]
2010-04-04 09:46:57 Debug: Notice (8): Undefined index:  post_content in [C:\AppServ\www\cakephp\cake\libs\view\scaffolds\index.ctp, line 60]
2010-04-04 09:46:57 Debug: Notice (8): Undefined index:  post_excerpt in [C:\AppServ\www\cakephp\cake\libs\view\scaffolds\index.ctp, line 60]
2010-04-04 09:46:57 Debug: Notice (8): Undefined index:  post_status in [C:\AppServ\www\cakephp\cake\libs\view\scaffolds\index.ctp, line 60]
2010-04-04 09:46:57 Debug: Notice (8): Undefined index:  comment_status in [C:\AppServ\www\cakephp\cake\libs\view\scaffolds\index.ctp, line 60]
2010-04-04 09:46:57 Debug: Notice (8): Undefined index:  ping_status in [C:\AppServ\www\cakephp\cake\libs\view\scaffolds\index.ctp, line 60]
2010-04-04 09:46:57 Debug: Notice (8): Undefined index:  post_password in [C:\AppServ\www\cakephp\cake\libs\view\scaffolds\index.ctp, line 60]
2010-04-04 09:46:57 Debug: Notice (8): Undefined index:  post_name in [C:\AppServ\www\cakephp\cake\libs\view\scaffolds\index.ctp, line 60]
2010-04-04 09:46:57 Debug: Notice (8): Undefined index:  to_ping in [C:\AppServ\www\cakephp\cake\libs\view\scaffolds\index.ctp, line 60]
2010-04-04 09:46:57 Debug: Notice (8): Undefined index:  pinged in [C:\AppServ\www\cakephp\cake\libs\view\scaffolds\index.ctp, line 60]
2010-04-04 09:46:57 Debug: Notice (8): Undefined index:  post_modified in [C:\AppServ\www\cakephp\cake\libs\view\scaffolds\index.ctp, line 60]
2010-04-04 09:46:57 Debug: Notice (8): Undefined index:  post_modified_gmt in [C:\AppServ\www\cakephp\cake\libs\view\scaffolds\index.ctp, line 60]
2010-04-04 09:46:57 Debug: Notice (8): Undefined index:  post_content_filtered in [C:\AppServ\www\cakephp\cake\libs\view\scaffolds\index.ctp, line 60]
2010-04-04 09:46:57 Debug: Notice (8): Undefined index:  PostParent in [C:\AppServ\www\cakephp\cake\libs\view\scaffolds\index.ctp, line 54]
2010-04-04 09:46:57 Debug: Notice (8): Undefined index:  guid in [C:\AppServ\www\cakephp\cake\libs\view\scaffolds\index.ctp, line 60]
2010-04-04 09:46:57 Debug: Notice (8): Undefined index:  menu_order in [C:\AppServ\www\cakephp\cake\libs\view\scaffolds\index.ctp, line 60]
2010-04-04 09:46:57 Debug: Notice (8): Undefined index:  post_type in [C:\AppServ\www\cakephp\cake\libs\view\scaffolds\index.ctp, line 60]
2010-04-04 09:46:57 Debug: Notice (8): Undefined index:  post_mime_type in [C:\AppServ\www\cakephp\cake\libs\view\scaffolds\index.ctp, line 60]
2010-04-04 09:46:57 Debug: Notice (8): Undefined index:  comment_count in [C:\AppServ\www\cakephp\cake\libs\view\scaffolds\index.ctp, line 60]
2010-04-04 09:49:25 Debug: Notice (8): Undefined variable: Posts in [APP\views\posts\index.ctp, line 19]
2010-04-04 09:51:20 Debug: Notice (8): Undefined variable: Post in [APP\views\posts\view.ctp, line 6]
2010-04-04 09:51:20 Debug: Notice (8): Undefined variable: Post in [APP\views\posts\view.ctp, line 11]
2010-04-04 09:51:20 Debug: Notice (8): Undefined variable: Post in [APP\views\posts\view.ctp, line 16]
2010-04-04 09:51:20 Debug: Notice (8): Undefined variable: Post in [APP\views\posts\view.ctp, line 21]
2010-04-04 09:51:20 Debug: Notice (8): Undefined variable: Post in [APP\views\posts\view.ctp, line 26]
2010-04-04 09:51:20 Debug: Notice (8): Undefined variable: Post in [APP\views\posts\view.ctp, line 31]
2010-04-04 09:51:20 Debug: Notice (8): Undefined variable: Post in [APP\views\posts\view.ctp, line 36]
2010-04-04 09:51:20 Debug: Notice (8): Undefined variable: Post in [APP\views\posts\view.ctp, line 41]
2010-04-04 09:51:20 Debug: Notice (8): Undefined variable: Post in [APP\views\posts\view.ctp, line 46]
2010-04-04 09:51:20 Debug: Notice (8): Undefined variable: Post in [APP\views\posts\view.ctp, line 51]
2010-04-04 09:51:20 Debug: Notice (8): Undefined variable: Post in [APP\views\posts\view.ctp, line 56]
2010-04-04 09:51:20 Debug: Notice (8): Undefined variable: Post in [APP\views\posts\view.ctp, line 61]
2010-04-04 09:51:20 Debug: Notice (8): Undefined variable: Post in [APP\views\posts\view.ctp, line 66]
2010-04-04 09:51:20 Debug: Notice (8): Undefined variable: Post in [APP\views\posts\view.ctp, line 71]
2010-04-04 09:51:20 Debug: Notice (8): Undefined variable: Post in [APP\views\posts\view.ctp, line 76]
2010-04-04 09:51:20 Debug: Notice (8): Undefined variable: Post in [APP\views\posts\view.ctp, line 81]
2010-04-04 09:51:20 Debug: Notice (8): Undefined variable: Post in [APP\views\posts\view.ctp, line 86]
2010-04-04 09:51:20 Debug: Notice (8): Undefined variable: Post in [APP\views\posts\view.ctp, line 91]
2010-04-04 09:51:20 Debug: Notice (8): Undefined variable: Post in [APP\views\posts\view.ctp, line 96]
2010-04-04 09:51:20 Debug: Notice (8): Undefined variable: Post in [APP\views\posts\view.ctp, line 101]
2010-04-04 09:51:20 Debug: Notice (8): Undefined variable: Post in [APP\views\posts\view.ctp, line 106]
2010-04-04 09:51:20 Debug: Notice (8): Undefined variable: Post in [APP\views\posts\view.ctp, line 111]
2010-04-04 09:51:20 Debug: Notice (8): Undefined variable: Post in [APP\views\posts\view.ctp, line 116]
2010-04-04 09:51:20 Debug: Notice (8): Undefined variable: Post in [APP\views\posts\view.ctp, line 123]
2010-04-04 09:51:20 Debug: Notice (8): Undefined variable: Post in [APP\views\posts\view.ctp, line 124]
2010-04-04 09:52:46 Debug: Notice (8): Undefined variable: posts in [APP\views\posts\index.ctp, line 38]
2010-04-04 09:52:47 Debug: Notice (8): Undefined variable: posts in [APP\views\posts\index.ctp, line 38]
2010-04-04 09:53:00 Debug: Notice (8): Undefined index:  post_date_gmt in [APP\views\posts\index.ctp, line 55]
2010-04-04 09:53:00 Debug: Notice (8): Undefined index:  post_content in [APP\views\posts\index.ctp, line 58]
2010-04-04 09:53:00 Debug: Notice (8): Undefined index:  post_excerpt in [APP\views\posts\index.ctp, line 64]
2010-04-04 09:53:00 Debug: Notice (8): Undefined index:  post_status in [APP\views\posts\index.ctp, line 67]
2010-04-04 09:53:00 Debug: Notice (8): Undefined index:  comment_status in [APP\views\posts\index.ctp, line 70]
2010-04-04 09:53:00 Debug: Notice (8): Undefined index:  ping_status in [APP\views\posts\index.ctp, line 73]
2010-04-04 09:53:00 Debug: Notice (8): Undefined index:  post_password in [APP\views\posts\index.ctp, line 76]
2010-04-04 09:53:00 Debug: Notice (8): Undefined index:  post_name in [APP\views\posts\index.ctp, line 79]
2010-04-04 09:53:00 Debug: Notice (8): Undefined index:  to_ping in [APP\views\posts\index.ctp, line 82]
2010-04-04 09:53:00 Debug: Notice (8): Undefined index:  pinged in [APP\views\posts\index.ctp, line 85]
2010-04-04 09:53:00 Debug: Notice (8): Undefined index:  post_modified in [APP\views\posts\index.ctp, line 88]
2010-04-04 09:53:00 Debug: Notice (8): Undefined index:  post_modified_gmt in [APP\views\posts\index.ctp, line 91]
2010-04-04 09:53:00 Debug: Notice (8): Undefined index:  post_content_filtered in [APP\views\posts\index.ctp, line 94]
2010-04-04 09:53:00 Debug: Notice (8): Undefined index:  PostParent in [APP\views\posts\index.ctp, line 97]
2010-04-04 09:53:00 Debug: Notice (8): Undefined index:  guid in [APP\views\posts\index.ctp, line 100]
2010-04-04 09:53:00 Debug: Notice (8): Undefined index:  menu_order in [APP\views\posts\index.ctp, line 103]
2010-04-04 09:53:00 Debug: Notice (8): Undefined index:  post_type in [APP\views\posts\index.ctp, line 106]
2010-04-04 09:53:00 Debug: Notice (8): Undefined index:  post_mime_type in [APP\views\posts\index.ctp, line 109]
2010-04-04 09:53:00 Debug: Notice (8): Undefined index:  comment_count in [APP\views\posts\index.ctp, line 112]
2010-04-04 13:59:00 Debug: Notice (8): Undefined index:  id in [APP\views\posts\view.ctp, line 160]
2010-04-04 13:59:00 Debug: Notice (8): Undefined index:  id in [APP\views\posts\view.ctp, line 161]
2010-04-04 13:59:00 Debug: Notice (8): Undefined index:  id in [APP\views\posts\view.ctp, line 162]
2010-04-04 13:59:00 Debug: Notice (8): Undefined index:  id in [APP\views\posts\view.ctp, line 200]
2010-04-04 13:59:00 Debug: Notice (8): Undefined index:  id in [APP\views\posts\view.ctp, line 201]
2010-04-04 13:59:00 Debug: Notice (8): Undefined index:  id in [APP\views\posts\view.ctp, line 202]
2010-04-04 17:23:14 Debug: Notice (8): Undefined index:  id in [APP\views\posts\view.ctp, line 162]
2010-04-04 17:23:14 Debug: Notice (8): Undefined index:  id in [APP\views\posts\view.ctp, line 163]
2010-04-04 17:23:14 Debug: Notice (8): Undefined index:  id in [APP\views\posts\view.ctp, line 164]
2010-04-04 17:23:15 Debug: Notice (8): Undefined index:  id in [APP\views\posts\view.ctp, line 200]
2010-04-04 17:23:15 Debug: Notice (8): Undefined index:  id in [APP\views\posts\view.ctp, line 201]
2010-04-04 17:23:15 Debug: Notice (8): Undefined index:  id in [APP\views\posts\view.ctp, line 202]
2010-04-04 17:23:15 Debug: Notice (8): Undefined index:  id in [APP\views\posts\view.ctp, line 262]
2010-04-04 17:23:15 Debug: Notice (8): Undefined index:  id in [APP\views\posts\view.ctp, line 263]
2010-04-04 17:23:15 Debug: Notice (8): Undefined index:  id in [APP\views\posts\view.ctp, line 264]
2010-04-04 17:26:43 Debug: Notice (8): Undefined index:  id in [APP\views\posts\view.ctp, line 162]
2010-04-04 17:26:43 Debug: Notice (8): Undefined index:  id in [APP\views\posts\view.ctp, line 163]
2010-04-04 17:26:43 Debug: Notice (8): Undefined index:  id in [APP\views\posts\view.ctp, line 164]
2010-04-04 17:26:43 Debug: Notice (8): Undefined index:  id in [APP\views\posts\view.ctp, line 200]
2010-04-04 17:26:43 Debug: Notice (8): Undefined index:  id in [APP\views\posts\view.ctp, line 201]
2010-04-04 17:26:43 Debug: Notice (8): Undefined index:  id in [APP\views\posts\view.ctp, line 202]
2010-04-04 17:26:44 Debug: Notice (8): Undefined index:  id in [APP\views\posts\view.ctp, line 262]
2010-04-04 17:26:44 Debug: Notice (8): Undefined index:  id in [APP\views\posts\view.ctp, line 263]
2010-04-04 17:26:44 Debug: Notice (8): Undefined index:  id in [APP\views\posts\view.ctp, line 264]
2010-04-04 17:40:26 Debug: Notice (8): Undefined index:  id in [APP\views\posts\view.ctp, line 162]
2010-04-04 17:40:26 Debug: Notice (8): Undefined index:  id in [APP\views\posts\view.ctp, line 163]
2010-04-04 17:40:26 Debug: Notice (8): Undefined index:  id in [APP\views\posts\view.ctp, line 164]
2010-04-04 17:40:26 Debug: Notice (8): Undefined index:  id in [APP\views\posts\view.ctp, line 200]
2010-04-04 17:40:26 Debug: Notice (8): Undefined index:  id in [APP\views\posts\view.ctp, line 201]
2010-04-04 17:40:26 Debug: Notice (8): Undefined index:  id in [APP\views\posts\view.ctp, line 202]
2010-04-04 17:40:26 Debug: Notice (8): Undefined index:  id in [APP\views\posts\view.ctp, line 262]
2010-04-04 17:40:26 Debug: Notice (8): Undefined index:  id in [APP\views\posts\view.ctp, line 263]
2010-04-04 17:40:26 Debug: Notice (8): Undefined index:  id in [APP\views\posts\view.ctp, line 264]
2010-04-04 17:42:38 Debug: Notice (8): Undefined index:  id in [APP\views\posts\view.ctp, line 162]
2010-04-04 17:42:38 Debug: Notice (8): Undefined index:  id in [APP\views\posts\view.ctp, line 163]
2010-04-04 17:42:38 Debug: Notice (8): Undefined index:  id in [APP\views\posts\view.ctp, line 164]
2010-04-04 17:42:38 Debug: Notice (8): Undefined index:  id in [APP\views\posts\view.ctp, line 262]
2010-04-04 17:42:38 Debug: Notice (8): Undefined index:  id in [APP\views\posts\view.ctp, line 263]
2010-04-04 17:42:38 Debug: Notice (8): Undefined index:  id in [APP\views\posts\view.ctp, line 264]
2010-04-04 17:44:11 Debug: Notice (8): Undefined index:  id in [APP\views\posts\view.ctp, line 162]
2010-04-04 17:44:11 Debug: Notice (8): Undefined index:  id in [APP\views\posts\view.ctp, line 163]
2010-04-04 17:44:11 Debug: Notice (8): Undefined index:  id in [APP\views\posts\view.ctp, line 164]
2010-04-04 17:44:11 Debug: Notice (8): Undefined index:  id in [APP\views\posts\view.ctp, line 200]
2010-04-04 17:44:11 Debug: Notice (8): Undefined index:  id in [APP\views\posts\view.ctp, line 201]
2010-04-04 17:44:11 Debug: Notice (8): Undefined index:  id in [APP\views\posts\view.ctp, line 202]
2010-04-04 17:44:11 Debug: Notice (8): Undefined index:  id in [APP\views\posts\view.ctp, line 262]
2010-04-04 17:44:11 Debug: Notice (8): Undefined index:  id in [APP\views\posts\view.ctp, line 263]
2010-04-04 17:44:11 Debug: Notice (8): Undefined index:  id in [APP\views\posts\view.ctp, line 264]
2010-04-04 19:34:31 Debug: Notice (8): Undefined index:  id in [APP\views\posts\view.ctp, line 162]
2010-04-04 19:34:31 Debug: Notice (8): Undefined index:  id in [APP\views\posts\view.ctp, line 163]
2010-04-04 19:34:31 Debug: Notice (8): Undefined index:  id in [APP\views\posts\view.ctp, line 164]
2010-04-04 19:34:31 Debug: Notice (8): Undefined index:  id in [APP\views\posts\view.ctp, line 200]
2010-04-04 19:34:31 Debug: Notice (8): Undefined index:  id in [APP\views\posts\view.ctp, line 201]
2010-04-04 19:34:31 Debug: Notice (8): Undefined index:  id in [APP\views\posts\view.ctp, line 202]
2010-04-04 19:34:31 Debug: Notice (8): Undefined index:  id in [APP\views\posts\view.ctp, line 262]
2010-04-04 19:34:31 Debug: Notice (8): Undefined index:  id in [APP\views\posts\view.ctp, line 263]
2010-04-04 19:34:31 Debug: Notice (8): Undefined index:  id in [APP\views\posts\view.ctp, line 264]
2010-04-04 19:35:48 Debug: Notice (8): Undefined index:  id in [APP\views\posts\view.ctp, line 162]
2010-04-04 19:35:48 Debug: Notice (8): Undefined index:  id in [APP\views\posts\view.ctp, line 163]
2010-04-04 19:35:48 Debug: Notice (8): Undefined index:  id in [APP\views\posts\view.ctp, line 164]
2010-04-04 19:35:48 Debug: Notice (8): Undefined index:  id in [APP\views\posts\view.ctp, line 200]
2010-04-04 19:35:48 Debug: Notice (8): Undefined index:  id in [APP\views\posts\view.ctp, line 201]
2010-04-04 19:35:48 Debug: Notice (8): Undefined index:  id in [APP\views\posts\view.ctp, line 202]
2010-04-04 19:35:48 Debug: Notice (8): Undefined index:  id in [APP\views\posts\view.ctp, line 262]
2010-04-04 19:35:48 Debug: Notice (8): Undefined index:  id in [APP\views\posts\view.ctp, line 263]
2010-04-04 19:35:48 Debug: Notice (8): Undefined index:  id in [APP\views\posts\view.ctp, line 264]
2010-04-04 19:55:23 Debug: Notice (8): Undefined index:  id in [APP\views\posts\view.ctp, line 162]
2010-04-04 19:55:23 Debug: Notice (8): Undefined index:  id in [APP\views\posts\view.ctp, line 163]
2010-04-04 19:55:23 Debug: Notice (8): Undefined index:  id in [APP\views\posts\view.ctp, line 164]
2010-04-04 19:55:23 Debug: Notice (8): Undefined index:  id in [APP\views\posts\view.ctp, line 200]
2010-04-04 19:55:23 Debug: Notice (8): Undefined index:  id in [APP\views\posts\view.ctp, line 201]
2010-04-04 19:55:23 Debug: Notice (8): Undefined index:  id in [APP\views\posts\view.ctp, line 202]
2010-04-04 19:55:23 Debug: Notice (8): Undefined index:  id in [APP\views\posts\view.ctp, line 262]
2010-04-04 19:55:23 Debug: Notice (8): Undefined index:  id in [APP\views\posts\view.ctp, line 263]
2010-04-04 19:55:23 Debug: Notice (8): Undefined index:  id in [APP\views\posts\view.ctp, line 264]
2010-04-04 19:58:44 Debug: Notice (8): Undefined index:  id in [APP\views\posts\view.ctp, line 162]
2010-04-04 19:58:44 Debug: Notice (8): Undefined index:  id in [APP\views\posts\view.ctp, line 163]
2010-04-04 19:58:44 Debug: Notice (8): Undefined index:  id in [APP\views\posts\view.ctp, line 164]
2010-04-04 19:58:44 Debug: Notice (8): Undefined index:  id in [APP\views\posts\view.ctp, line 200]
2010-04-04 19:58:44 Debug: Notice (8): Undefined index:  id in [APP\views\posts\view.ctp, line 201]
2010-04-04 19:58:44 Debug: Notice (8): Undefined index:  id in [APP\views\posts\view.ctp, line 202]
2010-04-04 19:58:44 Debug: Notice (8): Undefined index:  id in [APP\views\posts\view.ctp, line 262]
2010-04-04 19:58:44 Debug: Notice (8): Undefined index:  id in [APP\views\posts\view.ctp, line 263]
2010-04-04 19:58:44 Debug: Notice (8): Undefined index:  id in [APP\views\posts\view.ctp, line 264]
2010-04-04 20:08:34 Debug: Notice (8): Undefined index:  id in [APP\views\posts\view.ctp, line 162]
2010-04-04 20:08:34 Debug: Notice (8): Undefined index:  id in [APP\views\posts\view.ctp, line 163]
2010-04-04 20:08:34 Debug: Notice (8): Undefined index:  id in [APP\views\posts\view.ctp, line 164]
2010-04-04 20:08:35 Debug: Notice (8): Undefined index:  id in [APP\views\posts\view.ctp, line 200]
2010-04-04 20:08:35 Debug: Notice (8): Undefined index:  id in [APP\views\posts\view.ctp, line 201]
2010-04-04 20:08:35 Debug: Notice (8): Undefined index:  id in [APP\views\posts\view.ctp, line 202]
2010-04-04 20:08:35 Debug: Notice (8): Undefined index:  id in [APP\views\posts\view.ctp, line 262]
2010-04-04 20:08:35 Debug: Notice (8): Undefined index:  id in [APP\views\posts\view.ctp, line 263]
2010-04-04 20:08:35 Debug: Notice (8): Undefined index:  id in [APP\views\posts\view.ctp, line 264]
2010-04-04 20:08:50 Debug: Notice (8): Undefined index:  id in [APP\views\posts\view.ctp, line 162]
2010-04-04 20:08:50 Debug: Notice (8): Undefined index:  id in [APP\views\posts\view.ctp, line 163]
2010-04-04 20:08:50 Debug: Notice (8): Undefined index:  id in [APP\views\posts\view.ctp, line 164]
2010-04-04 20:08:50 Debug: Notice (8): Undefined index:  id in [APP\views\posts\view.ctp, line 162]
2010-04-04 20:08:50 Debug: Notice (8): Undefined index:  id in [APP\views\posts\view.ctp, line 163]
2010-04-04 20:08:50 Debug: Notice (8): Undefined index:  id in [APP\views\posts\view.ctp, line 164]
2010-04-04 20:08:50 Debug: Notice (8): Undefined index:  id in [APP\views\posts\view.ctp, line 200]
2010-04-04 20:08:50 Debug: Notice (8): Undefined index:  id in [APP\views\posts\view.ctp, line 201]
2010-04-04 20:08:50 Debug: Notice (8): Undefined index:  id in [APP\views\posts\view.ctp, line 202]
2010-04-04 20:08:50 Debug: Notice (8): Undefined index:  id in [APP\views\posts\view.ctp, line 200]
2010-04-04 20:08:50 Debug: Notice (8): Undefined index:  id in [APP\views\posts\view.ctp, line 201]
2010-04-04 20:08:50 Debug: Notice (8): Undefined index:  id in [APP\views\posts\view.ctp, line 202]
2010-04-04 20:08:50 Debug: Notice (8): Undefined index:  id in [APP\views\posts\view.ctp, line 262]
2010-04-04 20:08:50 Debug: Notice (8): Undefined index:  id in [APP\views\posts\view.ctp, line 263]
2010-04-04 20:08:51 Debug: Notice (8): Undefined index:  id in [APP\views\posts\view.ctp, line 264]
2010-04-04 20:08:51 Debug: Notice (8): Undefined index:  id in [APP\views\posts\view.ctp, line 262]
2010-04-04 20:08:51 Debug: Notice (8): Undefined index:  id in [APP\views\posts\view.ctp, line 263]
2010-04-04 20:08:51 Debug: Notice (8): Undefined index:  id in [APP\views\posts\view.ctp, line 264]
2010-04-04 20:51:46 Debug: Notice (8): Undefined index:  id in [APP\views\posts\view.ctp, line 162]
2010-04-04 20:51:46 Debug: Notice (8): Undefined index:  id in [APP\views\posts\view.ctp, line 162]
2010-04-04 20:51:46 Debug: Notice (8): Undefined index:  id in [APP\views\posts\view.ctp, line 163]
2010-04-04 20:51:46 Debug: Notice (8): Undefined index:  id in [APP\views\posts\view.ctp, line 163]
2010-04-04 20:51:46 Debug: Notice (8): Undefined index:  id in [APP\views\posts\view.ctp, line 164]
2010-04-04 20:51:46 Debug: Notice (8): Undefined index:  id in [APP\views\posts\view.ctp, line 164]
2010-04-04 20:51:46 Debug: Notice (8): Undefined index:  id in [APP\views\posts\view.ctp, line 200]
2010-04-04 20:51:46 Debug: Notice (8): Undefined index:  id in [APP\views\posts\view.ctp, line 201]
2010-04-04 20:51:46 Debug: Notice (8): Undefined index:  id in [APP\views\posts\view.ctp, line 200]
2010-04-04 20:51:46 Debug: Notice (8): Undefined index:  id in [APP\views\posts\view.ctp, line 202]
2010-04-04 20:51:46 Debug: Notice (8): Undefined index:  id in [APP\views\posts\view.ctp, line 201]
2010-04-04 20:51:46 Debug: Notice (8): Undefined index:  id in [APP\views\posts\view.ctp, line 262]
2010-04-04 20:51:46 Debug: Notice (8): Undefined index:  id in [APP\views\posts\view.ctp, line 202]
2010-04-04 20:51:46 Debug: Notice (8): Undefined index:  id in [APP\views\posts\view.ctp, line 263]
2010-04-04 20:51:46 Debug: Notice (8): Undefined index:  id in [APP\views\posts\view.ctp, line 264]
2010-04-04 20:51:47 Debug: Notice (8): Undefined index:  id in [APP\views\posts\view.ctp, line 262]
2010-04-04 20:51:47 Debug: Notice (8): Undefined index:  id in [APP\views\posts\view.ctp, line 263]
2010-04-04 20:51:47 Debug: Notice (8): Undefined index:  id in [APP\views\posts\view.ctp, line 264]
2010-04-04 20:51:47 Debug: Notice (8): Undefined index:  id in [APP\views\posts\view.ctp, line 162]
2010-04-04 20:51:48 Debug: Notice (8): Undefined index:  id in [APP\views\posts\view.ctp, line 163]
2010-04-04 20:51:48 Debug: Notice (8): Undefined index:  id in [APP\views\posts\view.ctp, line 164]
2010-04-04 20:51:48 Debug: Notice (8): Undefined index:  id in [APP\views\posts\view.ctp, line 200]
2010-04-04 20:51:48 Debug: Notice (8): Undefined index:  id in [APP\views\posts\view.ctp, line 162]
2010-04-04 20:51:48 Debug: Notice (8): Undefined index:  id in [APP\views\posts\view.ctp, line 163]
2010-04-04 20:51:48 Debug: Notice (8): Undefined index:  id in [APP\views\posts\view.ctp, line 201]
2010-04-04 20:51:48 Debug: Notice (8): Undefined index:  id in [APP\views\posts\view.ctp, line 164]
2010-04-04 20:51:48 Debug: Notice (8): Undefined index:  id in [APP\views\posts\view.ctp, line 202]
2010-04-04 20:51:48 Debug: Notice (8): Undefined index:  id in [APP\views\posts\view.ctp, line 200]
2010-04-04 20:51:48 Debug: Notice (8): Undefined index:  id in [APP\views\posts\view.ctp, line 201]
2010-04-04 20:51:48 Debug: Notice (8): Undefined index:  id in [APP\views\posts\view.ctp, line 262]
2010-04-04 20:51:48 Debug: Notice (8): Undefined index:  id in [APP\views\posts\view.ctp, line 202]
2010-04-04 20:51:48 Debug: Notice (8): Undefined index:  id in [APP\views\posts\view.ctp, line 263]
2010-04-04 20:51:48 Debug: Notice (8): Undefined index:  id in [APP\views\posts\view.ctp, line 264]
2010-04-04 20:51:48 Debug: Notice (8): Undefined index:  id in [APP\views\posts\view.ctp, line 262]
2010-04-04 20:51:48 Debug: Notice (8): Undefined index:  id in [APP\views\posts\view.ctp, line 263]
2010-04-04 20:51:48 Debug: Notice (8): Undefined index:  id in [APP\views\posts\view.ctp, line 264]
2010-04-04 20:51:50 Debug: Notice (8): Undefined index:  id in [APP\views\posts\view.ctp, line 162]
2010-04-04 20:51:50 Debug: Notice (8): Undefined index:  id in [APP\views\posts\view.ctp, line 163]
2010-04-04 20:51:50 Debug: Notice (8): Undefined index:  id in [APP\views\posts\view.ctp, line 164]
2010-04-04 20:51:51 Debug: Notice (8): Undefined index:  id in [APP\views\posts\view.ctp, line 200]
2010-04-04 20:51:51 Debug: Notice (8): Undefined index:  id in [APP\views\posts\view.ctp, line 201]
2010-04-04 20:51:51 Debug: Notice (8): Undefined index:  id in [APP\views\posts\view.ctp, line 202]
2010-04-04 20:51:51 Debug: Notice (8): Undefined index:  id in [APP\views\posts\view.ctp, line 262]
2010-04-04 20:51:51 Debug: Notice (8): Undefined index:  id in [APP\views\posts\view.ctp, line 263]
2010-04-04 20:51:51 Debug: Notice (8): Undefined index:  id in [APP\views\posts\view.ctp, line 264]
2010-04-04 20:54:59 Debug: Notice (8): Undefined index:  id in [APP\views\posts\view.ctp, line 162]
2010-04-04 20:54:59 Debug: Notice (8): Undefined index:  id in [APP\views\posts\view.ctp, line 163]
2010-04-04 20:54:59 Debug: Notice (8): Undefined index:  id in [APP\views\posts\view.ctp, line 164]
2010-04-04 20:54:59 Debug: Notice (8): Undefined index:  id in [APP\views\posts\view.ctp, line 200]
2010-04-04 20:54:59 Debug: Notice (8): Undefined index:  id in [APP\views\posts\view.ctp, line 201]
2010-04-04 20:54:59 Debug: Notice (8): Undefined index:  id in [APP\views\posts\view.ctp, line 202]
2010-04-04 20:55:00 Debug: Notice (8): Undefined index:  id in [APP\views\posts\view.ctp, line 262]
2010-04-04 20:55:00 Debug: Notice (8): Undefined index:  id in [APP\views\posts\view.ctp, line 263]
2010-04-04 20:55:00 Debug: Notice (8): Undefined index:  id in [APP\views\posts\view.ctp, line 264]
2010-04-04 20:56:05 Debug: Notice (8): Undefined index:  id in [APP\views\posts\view.ctp, line 162]
2010-04-04 20:56:05 Debug: Notice (8): Undefined index:  id in [APP\views\posts\view.ctp, line 163]
2010-04-04 20:56:05 Debug: Notice (8): Undefined index:  id in [APP\views\posts\view.ctp, line 164]
2010-04-04 20:56:05 Debug: Notice (8): Undefined index:  id in [APP\views\posts\view.ctp, line 200]
2010-04-04 20:56:05 Debug: Notice (8): Undefined index:  id in [APP\views\posts\view.ctp, line 201]
2010-04-04 20:56:05 Debug: Notice (8): Undefined index:  id in [APP\views\posts\view.ctp, line 202]
2010-04-04 20:56:05 Debug: Notice (8): Undefined index:  id in [APP\views\posts\view.ctp, line 262]
2010-04-04 20:56:05 Debug: Notice (8): Undefined index:  id in [APP\views\posts\view.ctp, line 263]
2010-04-04 20:56:05 Debug: Notice (8): Undefined index:  id in [APP\views\posts\view.ctp, line 264]
2010-04-04 20:58:17 Debug: Notice (8): Undefined index:  id in [APP\views\posts\view.ctp, line 162]
2010-04-04 20:58:17 Debug: Notice (8): Undefined index:  id in [APP\views\posts\view.ctp, line 163]
2010-04-04 20:58:17 Debug: Notice (8): Undefined index:  id in [APP\views\posts\view.ctp, line 164]
2010-04-04 20:58:17 Debug: Notice (8): Undefined index:  id in [APP\views\posts\view.ctp, line 200]
2010-04-04 20:58:17 Debug: Notice (8): Undefined index:  id in [APP\views\posts\view.ctp, line 201]
2010-04-04 20:58:17 Debug: Notice (8): Undefined index:  id in [APP\views\posts\view.ctp, line 202]
2010-04-04 20:58:17 Debug: Notice (8): Undefined index:  comment_id in [APP\views\posts\view.ctp, line 262]
2010-04-04 20:58:17 Debug: Notice (8): Undefined index:  comment_id in [APP\views\posts\view.ctp, line 263]
2010-04-04 20:58:17 Debug: Notice (8): Undefined index:  comment_id in [APP\views\posts\view.ctp, line 264]
2010-04-04 20:58:17 Debug: Notice (8): Undefined index:  id in [APP\views\posts\view.ctp, line 264]
2010-04-04 20:58:54 Debug: Notice (8): Undefined index:  id in [APP\views\posts\view.ctp, line 162]
2010-04-04 20:58:54 Debug: Notice (8): Undefined index:  id in [APP\views\posts\view.ctp, line 163]
2010-04-04 20:58:54 Debug: Notice (8): Undefined index:  id in [APP\views\posts\view.ctp, line 164]
2010-04-04 20:58:54 Debug: Notice (8): Undefined index:  id in [APP\views\posts\view.ctp, line 200]
2010-04-04 20:58:54 Debug: Notice (8): Undefined index:  id in [APP\views\posts\view.ctp, line 201]
2010-04-04 20:58:54 Debug: Notice (8): Undefined index:  id in [APP\views\posts\view.ctp, line 202]
2010-04-04 20:58:55 Debug: Notice (8): Undefined index:  id in [APP\views\posts\view.ctp, line 264]
2010-04-04 20:59:25 Debug: Notice (8): Undefined index:  id in [APP\views\posts\view.ctp, line 162]
2010-04-04 20:59:25 Debug: Notice (8): Undefined index:  id in [APP\views\posts\view.ctp, line 163]
2010-04-04 20:59:25 Debug: Notice (8): Undefined index:  id in [APP\views\posts\view.ctp, line 164]
2010-04-04 20:59:25 Debug: Notice (8): Undefined index:  id in [APP\views\posts\view.ctp, line 200]
2010-04-04 20:59:25 Debug: Notice (8): Undefined index:  id in [APP\views\posts\view.ctp, line 201]
2010-04-04 20:59:25 Debug: Notice (8): Undefined index:  id in [APP\views\posts\view.ctp, line 202]
2010-04-04 21:00:18 Debug: Notice (8): Undefined index:  id in [APP\views\posts\view.ctp, line 162]
2010-04-04 21:00:18 Debug: Notice (8): Undefined index:  id in [APP\views\posts\view.ctp, line 163]
2010-04-04 21:00:18 Debug: Notice (8): Undefined index:  id in [APP\views\posts\view.ctp, line 164]
2010-04-04 21:05:03 Debug: Notice (8): Undefined property:  Comment::$Comment in [APP\controllers\comments_controller.php, line 55]
2010-04-04 21:05:23 Debug: Notice (8): Undefined property:  Comment::$Comment in [APP\controllers\comments_controller.php, line 55]
2010-04-04 21:20:53 Debug: Notice (8): Undefined index:  id in [APP\views\posts\view.ctp, line 162]
2010-04-04 21:20:53 Debug: Notice (8): Undefined index:  id in [APP\views\posts\view.ctp, line 163]
2010-04-04 21:20:53 Debug: Notice (8): Undefined index:  id in [APP\views\posts\view.ctp, line 164]
2010-04-05 05:53:05 Debug: Notice (8): Undefined offset:  0 in [C:\AppServ\www\cakephp\cake\libs\configure.php, line 1176]
